<?xml version="1.0" encoding="UTF-8"?>
<!-- Generated by org.testng.reporters.JUnitReportReporter -->
<testsuite skipped="0" hostname="metinemresen" name="tests.RegressionTestSuite.TC_Regression_001_Phase_2" tests="1" failures="0" timestamp="15 Nov 2019 16:59:48 GMT" time="142.935" errors="0">
  <testcase name="TC_Regression_001_Phase_1" time="142.935" classname="tests.RegressionTestSuite.TC_Regression_001_Phase_2"/>
</testsuite> <!-- tests.RegressionTestSuite.TC_Regression_001_Phase_2 -->
